Session: proud-comet
Title: Merging UI visualizations and health dashboard
ID: ses_1f407d84dffelzpMYYC8W5e4S6
Created: 2026-05-09T11:01:13.011000
Total messages: 51



================================================================================
[2026-05-09T11:12:37.670000] Role: user
================================================================================

Create a .docker ignore to optimize build times

================================================================================
[2026-05-09T11:12:37.693000] Role: assistant
================================================================================

[Step Start] snapshot=

[Reasoning]: The user wants me to create a `.dockerignore` file to optimize Docker build times. This is a simple task - I need to look at what's in the project and create a `.dockerignore` that excludes unnecessary files from Docker build context (like `node_modules`, `__pycache__`, `.git`, etc.).

--- Tool: read |  ---
  Output:
<path>/workspace/classes/hpda/hw/HPDA_Project</path>
<type>directory</type>
<entries>
.git/
.gitignore
.mypy_cache/
.venv/
backend/
d3block_test_output.html
docker-compose.yml
docker/
frontend/
README.md
requirements.txt
vast_challenge.db/
VAST-Challenge-2022/

(13 entries)
</entries>
--- End Tool ---

--- Tool: read |  ---
  Output (729 chars):
<path>/workspace/classes/hpda/hw/HPDA_Project/docker-compose.yml</path>
<type>file</type>
<content>
1: services:
2:   backend:
3:     build:
4:       context: .
5:       dockerfile: docker/backend.Dockerfile
6:     ports:
7:       - "5000:5000"
8:     volumes:
9:       - ./vast_challenge.db:/app/vast_challenge.db
10:       - ./VAST-Challenge-2022:/app/VAST-Challenge-2022
11:     environment:
12:       - FLASK_ENV=development
13: 
14:   frontend:
15:     build:
16:       context: .
17:       dock...
--- End Tool ---

[Step Finish] reason=tool-calls, cost=0, tokens={"total": 150181, "input": 120, "output": 107, "reasoning": 66, "cache": {"write": 0, "read": 149888}}

================================================================================
[2026-05-09T11:12:43.168000] Role: assistant
================================================================================

[Step Start] snapshot=

[Reasoning]: The compose uses `.` as build context, so the `.dockerignore` goes at the project root. I should exclude everything that isn't needed: `.venv`, `.git`, `__pycache__`, `.mypy_cache`, `node_modules`, test files, the large data directory, etc.

--- Tool: write |  ---
  Output:
Wrote file successfully.
--- End Tool ---

[Step Finish] reason=tool-calls, cost=0, tokens={"total": 150864, "input": 384, "output": 273, "reasoning": 63, "cache": {"write": 0, "read": 150144}}

================================================================================
[2026-05-09T11:12:52.119000] Role: assistant
================================================================================

[Step Start] snapshot=

[Reasoning]: Done. The `.dockerignore` excludes `.git`, `.venv`, `node_modules`, `__pycache__`, `vast_challenge.db`, `VAST-Challenge-2022`, dev artifacts, and IDE files — everything that isn't needed at build time (those data dirs are mounted as volumes at runtime per `docker-compose.yml`).

Done. Created `.dockerignore` that excludes `.git`, `.venv`, `node_modules`, `__pycache__`, `vast_challenge.db`, `VAST-Challenge-2022`, `docker/`, and other dev artifacts — the data dirs are already mounted as volumes at runtime in `docker-compose.yml:9-10`, so they don't need to be in the build context.

[Step Finish] reason=stop, cost=0, tokens={"total": 151039, "input": 96, "output": 85, "reasoning": 74, "cache": {"write": 0, "read": 150784}}
