Session: quiet-lagoon
Title: Python ModuleNotFoundError: database is not package
ID: ses_1f3877d55ffeAvIFXL7aGlIyXG
Created: 2026-05-09T13:21:24.906000
Total messages: 7


================================================================================
[2026-05-09T13:21:24.947000] Role: user
================================================================================

   backend   git:(ui)  python app.py 
Traceback (most recent call last):
  File "/workspace/classes/hpda/hw/HPDA_Project/backend/app.py", line 1, in <module>
    from d3js import app
  File "/workspace/classes/hpda/hw/HPDA_Project/backend/d3js.py", line 9, in <module>
    from routers.analytics_router import analytics_bp
  File "/workspace/classes/hpda/hw/HPDA_Project/backend/routers/analytics_router.py", line 2, in <module>
    from database.connection import get_db_connection
ModuleNotFoundError: No module named 'database.connection'; 'database' is not a package 

================================================================================
[2026-05-09T13:21:24.966000] Role: assistant
================================================================================

[Step Start] snapshot=

[Reasoning]: The error is that `database` is not being recognized as a package. Let me look at the project structure to understand how it's organized and fix the import issue.

--- Tool: read |  ---
  Output:
<path>/workspace/classes/hpda/hw/HPDA_Project/backend</path>
<type>directory</type>
<entries>
__pycache__/
app.py
building_translator.py
buildings.json
d3js.py
database.py
database/
employee_data_aggregator.py
quick_test_d3block_api.py
routers/
vast_challenge.db

(11 entries)
</entries>
--- End Tool ---

--- Tool: glob |  ---
  Output:
/workspace/classes/hpda/hw/HPDA_Project/backend/database/connection.py
--- End Tool ---

[Step Finish] reason=tool-calls, cost=0, tokens={"total": 11375, "input": 11214, "output": 127, "reasoning": 34, "cache": {"write": 0, "read": 0}}

================================================================================
[2026-05-09T13:21:28.781000] Role: assistant
================================================================================

[Step Start] snapshot=

[Reasoning]: There's both a `database.py` file and a `database/` directory. Python is likely finding `database.py` (a module) instead of `database/` (a package). The `database.py` file is shadowing the `database/` package.

Let me check what's in `database.py` and `database/__init__.py` (if it exists), and the import in `analytics_router.py`.

--- Tool: read |  ---
  Output (1573 chars):
<path>/workspace/classes/hpda/hw/HPDA_Project/backend/database.py</path>
<type>file</type>
<content>
1: import os
2: import pandas as pd
3: import sqlite3
4: from pathlib import Path
5: 
6: # Configuration
7: CSV_DIR = "VAST-Challenge-2022"
8: DB_FILE = "vast_challenge.db"
9: 
10: def read_csv_files_to_db(csv_directory, db_file):
11:     """Read all CSV files from a directory and store them in a SQLite database."""
12:     
13:     # Create database connection
14:     conn = sqlite3.connect(db_f...
--- End Tool ---

--- Tool: read |  ---
  Output:
<path>/workspace/classes/hpda/hw/HPDA_Project/backend/database</path>
<type>directory</type>
<entries>
connection.py

(1 entries)
</entries>
--- End Tool ---

--- Tool: read |  ---
  Output (733 chars):
<path>/workspace/classes/hpda/hw/HPDA_Project/backend/database/connection.py</path>
<type>file</type>
<content>
1: import sqlite3
2: from pathlib import Path
3: 
4: def _resolve_db_path() -> Path:
5:     """Resolve the SQLite file location with a small fallback chain."""
6:     backend_db = Path(__file__).resolve().parent.parent / "vast_challenge.db"
7:     root_db = Path(__file__).resolve().parent.parent.parent / "vast_challenge.db"
8:     return backend_db if backend_db.exists() else root_db
9...
--- End Tool ---

--- Tool: read |  ---
  Output (2333 chars):
<path>/workspace/classes/hpda/hw/HPDA_Project/backend/routers/analytics_router.py</path>
<type>file</type>
<content>
1: from flask import Blueprint, request, jsonify
2: from database.connection import get_db_connection
3: 
4: analytics_bp = Blueprint('analytics', __name__)
5: 
6: @analytics_bp.route('/analytics', methods=['GET'])
7: def get_analytics():
8:     """
9:     Generic analytics endpoint that returns mock data for now.
10:     This is used by DashboardPage, AudienceInsightsPage, etc.
1...
--- End Tool ---

[Step Finish] reason=tool-calls, cost=0, tokens={"total": 11812, "input": 241, "output": 217, "reasoning": 90, "cache": {"write": 0, "read": 11264}}

================================================================================
[2026-05-09T13:21:33.970000] Role: assistant
================================================================================

[Step Start] snapshot=

[Reasoning]: The issue is clear: there's a `database.py` file in the `backend/` directory that shadows the `database/` package. When Python tries to `from database.connection import get_db_connection`, it finds `database.py` (a module, not a package) first instead of the `database/` directory (which is a package).

The simplest fix: remove `database.py` since it's a standalone script for loading CSV data into the DB, and its functionality is already in the `database/` package. But I should check if anything ...

The file `database.py` shadows the `database/` package directory. Python finds `database.py` as a module first, so `database.connection` can't be resolved. Let me check if anything imports `database.py`:

--- Tool: grep |  ---
  Output:
No files found
--- End Tool ---

[Step Finish] reason=tool-calls, cost=0, tokens={"total": 13488, "input": 1424, "output": 145, "reasoning": 143, "cache": {"write": 0, "read": 11776}}

================================================================================
[2026-05-09T13:21:38.589000] Role: assistant
================================================================================

[Step Start] snapshot=

[Reasoning]: No one imports `database.py`. It's only used as `__main__` (standalone script). So I can safely rename it to avoid the conflict.

Nobody imports `database.py` — it's a standalone script. Renaming it to fix the shadowing:

--- Tool: bash | Rename database.py to avoid shadowing package ---
  Command: mv database.py load_csv_to_db.py
  Output:
(no output)
--- End Tool ---

[Step Finish] reason=tool-calls, cost=0, tokens={"total": 13664, "input": 63, "output": 128, "reasoning": 33, "cache": {"write": 0, "read": 13440}}

================================================================================
[2026-05-09T13:21:41.863000] Role: assistant
================================================================================

[Step Start] snapshot=

[Reasoning]: Done. Let me verify the fix by running the app.

--- Tool: bash | Verify app starts correctly ---
  Command: timeout 3 python app.py 2>&1 || true
  Output (789 chars):
 * Serving Flask app 'd3js'
 * Debug mode: on
[09-05-2026 13:21:45] [werkzeug] [INFO] [31m[1mWARNING: This is a development server. Do not use it in a production deployment. Use a production WSGI server instead.[0m
 * Running on all addresses (0.0.0.0)
 * Running on http://127.0.0.1:5000
 * Running on http://192.168.0.230:5000
[09-05-2026 13:21:45] [werkzeug] [INFO] [33mPress CTRL+C to quit[0m
[09-05-2026 13:21:45] [werkzeug] [INFO]  * Restarting with stat
[09-05-2026 13:21:45] [werkzeug] [...
--- End Tool ---

[Step Finish] reason=tool-calls, cost=0, tokens={"total": 13797, "input": 110, "output": 107, "reasoning": 12, "cache": {"write": 0, "read": 13568}}

================================================================================
[2026-05-09T13:21:47.895000] Role: assistant
================================================================================

[Step Start] snapshot=

Fixed. The file `database.py` was shadowing the `database/` package directory, so `from database.connection import get_db_connection` failed. Renamed it to `load_csv_to_db.py` since it's a standalone CSV import script, not a module used by the app.

[Step Finish] reason=stop, cost=0, tokens={"total": 14175, "input": 417, "output": 62, "reasoning": 0, "cache": {"write": 0, "read": 13696}}
