Session: calm-falcon
Title: Economic dashboard loading fix and refactoring
ID: ses_1f5f12845ffevxbMAhsA8iOFOD
Created: 2026-05-09T02:06:45.434000
Total messages: 57


================================================================================
[2026-05-09T02:14:11.504000] Role: user
================================================================================

Optimize to the maximum the requests to the backend to load as fast as possible in the frontent

================================================================================
[2026-05-09T02:14:11.531000] Role: assistant
================================================================================

[Step Start] snapshot=

I'll analyze the backend requests and optimize them for maximum frontend loading speed.

--- Tool: todowrite |  ---
  Output (687 chars):
[
  {
    "content": "Analyze current backend API endpoints and request patterns",
    "status": "pending",
    "priority": "high"
  },
  {
    "content": "Implement request caching strategy",
    "status": "pending",
    "priority": "high"
  },
  {
    "content": "Add parallel data loading where possible",
    "status": "pending",
    "priority": "high"
  },
  {
    "content": "Implement lazy loading for tab-specific data",
    "status": "pending",
    "priority": "medium"
  },
  {
    "content...
--- End Tool ---

[Step Finish] reason=tool-calls, cost=0.2660415, tokens={"total": 70276, "input": 3, "output": 223, "reasoning": 0, "cache": {"write": 70050, "read": 0}}

================================================================================
[2026-05-09T02:14:17.080000] Role: assistant
================================================================================

================================================================================
[2026-05-09T02:15:20.858000] Role: user
================================================================================

================================================================================
[2026-05-09T02:15:20.892000] Role: assistant
================================================================================

[Step Start] snapshot=

[Reasoning]: **Refining Summary Structure**

I'm currently focused on structuring the output for coding session summaries. My aim is to create a clear, markdown-formatted document that efficiently captures the essence of our discussions, ensuring all critical context and decisions are readily accessible for future reference.

**Implementing Loading Spinner**

I've successfully created a reusable `LoadingSpinner` component and integrated it into the Economic Dashboard. My next steps involve unifying loading s...

## Goal
- Standardize the loading state UI across all dashboard tabs and refactor redundant map component logic to improve performance and code quality.

## Constraints & Preferences
- Refactor the loading animation to be consistent across all tabs.
- Identify and refactor common code patterns.
- Ensure the loading indicator is visibly animating.

## Progress
### Done
- Created `frontend/src/components/common/LoadingSpinner.jsx` as a reusable component.
- Integrated `LoadingSpinner` into `EconomicDashboard.jsx`, `DashboardPage.jsx`, `EventPerformancePage.jsx`, `ReportsPage.jsx`, and `AudienceInsightsPage.jsx`.
- Cleaned up `BuildingsMap.jsx` by removing duplicate `handleZoom` and `resetZoom` function definitions and fixing indentation.
- Verified `spin` animation and `.loading-spinner` styles in `layout.css`.

### In Progress
- Refactoring `CityPointsMap.jsx` to eliminate redundant data fetching logic.

### Blocked
- (none)

## Key Decisions
- Created a standalone `LoadingSpinner` component to replace disparate `<p>Loading...</p>` strings and unify visual feedback.
- Opted to keep inline `<p>` tags for embedded map loading states to prevent the `60vh` min-height of the `LoadingSpinner` from breaking card layouts.

## Next Steps
- Refactor `CityPointsMap.jsx` to utilize the `useMapData` hook for data retrieval.
- Update map components to handle loading/error states using shared patterns where appropriate without layout breakage.
- Review `useAnalyticsData` usage across pages for potential unification of the period-filter pattern.

## Critical Context
- The loading "hang" issue was primarily a lack of visual feedback on non-economic tabs and potential API environment misconfiguration.
- `BuildingsMap.jsx` previously contained two versions of zoom functions; the version using `zoomBehaviorRef.current.scaleTo` was preserved as the correct implementation.
- `layout.css` defines the `@keyframes spin` used by the new `LoadingSpinner` component.

## Relevant Files
- `frontend/src/components/common/LoadingSpinner.jsx`: New shared UI component.
- `frontend/src/styles/layout.css`: Contains the spinner animation and container styles.
- `frontend/src/pages/EconomicDashboard.jsx`: Primary dashboard page utilizing the new spinner.
- `frontend/src/components/maps/BuildingsMap.jsx`: Map component refactored for code cleanup.
- `frontend/src/hooks/useMapData.js`: Centralized hook for map data that should be used by all map views.

[Step Finish] reason=stop, cost=0, tokens={"total": 30717, "input": 29367, "output": 567, "reasoning": 783, "cache": {"write": 0, "read": 0}}

================================================================================
[2026-05-09T02:15:30.753000] Role: assistant
================================================================================
