Session: misty-meadow
Title: Branch analysis and project onboarding
ID: ses_211627759ffe6Y50evRNWmSW57
Created: 2026-05-03T18:13:14.790000
Total messages: 31


================================================================================
[2026-05-03T18:13:14.836000] Role: user
================================================================================

Check all the branches and explain what is happening right now. Suggest something to do so I can get started

================================================================================
[2026-05-03T18:13:14.856000] Role: assistant
================================================================================

[Step Start] snapshot=ebd5e36697c4c7ccfef8bf3730f9f3dcf718fe74

[Reasoning]: **Reviewing Repository Branches**

I'm currently focused on listing the available branches, both local and remote. Next, I'll identify the current branch and assess its status, giving me a clear picture before recommending a starting point for the user.




--- Tool: bash | Lists all branches, shows current status, and displays the recent commit history across all branches. ---
  Command: git branch -a && git status && git log -n 5 --oneline --graph --all
  Output:
* main
  remotes/origin/HEAD -> origin/main
  remotes/origin/main
  remotes/origin/tcanabrava/experiments
  remotes/origin/ui
On branch main
Your branch is up to date with 'origin/main'.

nothing to commit, working tree clean
* 92e9333 requirements.txt
* 8e0377c Adding python graph generation for d3js
*   3d49690 Merge branch 'ui' of github.com:HenrikKlasen/HPDA_Project into ui
|\  
| * fedaf75 Delete frontend/.vite directory
* | ff13cf7 D3js server with integrated element requests

--- End Tool ---

[Step Finish] reason=tool-calls, cost=0, tokens={"total": 11614, "input": 11457, "output": 57, "reasoning": 100, "cache": {"write": 0, "read": 0}}

================================================================================
[2026-05-03T18:13:19.655000] Role: assistant
================================================================================

[Step Start] snapshot=ebd5e36697c4c7ccfef8bf3730f9f3dcf718fe74

--- Tool: glob |  ---
  Output (2086 chars):
/workspace/classes/hpda/hw/HPDA_Project/.git/index
/workspace/classes/hpda/hw/HPDA_Project/.git/opencode
/workspace/classes/hpda/hw/HPDA_Project/README.md
/workspace/classes/hpda/hw/HPDA_Project/.git/refs/heads/main
/workspace/classes/hpda/hw/HPDA_Project/.git/config
/workspace/classes/hpda/hw/HPDA_Project/.git/logs/HEAD
/workspace/classes/hpda/hw/HPDA_Project/.git/logs/refs/heads/main
/workspace/classes/hpda/hw/HPDA_Project/.git/refs/remotes/origin/HEAD
/workspace/classes/hpda/hw/HPDA_Project/....
--- End Tool ---

[Step Finish] reason=tool-calls, cost=0, tokens={"total": 11922, "input": 4036, "output": 15, "reasoning": 134, "cache": {"write": 0, "read": 7737}}

================================================================================
[2026-05-03T18:13:23.825000] Role: assistant
================================================================================

[Step Start] snapshot=ebd5e36697c4c7ccfef8bf3730f9f3dcf718fe74

--- Tool: bash | Lists files in the current directory to verify the project structure. ---
  Command: ls -F
  Output:
README.md

--- End Tool ---

[Step Finish] reason=tool-calls, cost=0, tokens={"total": 12873, "input": 1118, "output": 33, "reasoning": 89, "cache": {"write": 0, "read": 11633}}

================================================================================
[2026-05-03T18:13:27.904000] Role: assistant
================================================================================

[Step Start] snapshot=ebd5e36697c4c7ccfef8bf3730f9f3dcf718fe74

--- Tool: read |  ---
  Output:
<path>/workspace/classes/hpda/hw/HPDA_Project/README.md</path>
<type>file</type>
<content>
1: # HPDA_Project
2: Repository for the project of HPDA

(End of file - total 2 lines)
</content>
--- End Tool ---

[Step Finish] reason=tool-calls, cost=0, tokens={"total": 13018, "input": 1260, "output": 31, "reasoning": 113, "cache": {"write": 0, "read": 11614}}

================================================================================
[2026-05-03T18:13:31.747000] Role: assistant
================================================================================

[Step Start] snapshot=ebd5e36697c4c7ccfef8bf3730f9f3dcf718fe74

--- Tool: bash | Lists all files tracked by git in the main branch. ---
  Command: git ls-tree -r main
  Output:
100644 blob b996b54eea57ad7c2ac7592a5a4bff6e0f090cee	README.md

--- End Tool ---

[Step Finish] reason=tool-calls, cost=0, tokens={"total": 13155, "input": 1485, "output": 36, "reasoning": 32, "cache": {"write": 0, "read": 11602}}

================================================================================
[2026-05-03T18:13:35.285000] Role: assistant
================================================================================

[Step Start] snapshot=ebd5e36697c4c7ccfef8bf3730f9f3dcf718fe74

--- Tool: bash | Shows the changes in the latest commit. ---
  Command: git show 92e9333
  Output (924 chars):
commit 92e93331251ca44e0111c1226569fd154a98d9f3
Author: Henrik Klasen <henrik.klasen.001@student.uni.lu>
Date:   Wed Apr 29 10:59:59 2026 +0200

    requirements.txt

diff --git a/requirements.txt b/requirements.txt
new file mode 100644
index 0000000..9e134fd
--- /dev/null
+++ b/requirements.txt
@@ -0,0 +1,35 @@
+blinker==1.9.0
+certifi==2026.4.22
+charset-normalizer==3.4.7
+click==8.3.3
+colourmap==1.2.1
+contourpy==1.3.3
+cycler==0.12.1
+d3blocks==1.6.2
+d3graph==2.8.0
+datazets==1.1.3
+Flask=...
--- End Tool ---

[Step Finish] reason=tool-calls, cost=0, tokens={"total": 13303, "input": 1613, "output": 36, "reasoning": 71, "cache": {"write": 0, "read": 11583}}

================================================================================
[2026-05-03T18:13:38.906000] Role: assistant
================================================================================

[Step Start] snapshot=ebd5e36697c4c7ccfef8bf3730f9f3dcf718fe74

--- Tool: bash | Lists all files currently tracked in the working directory. ---
  Command: git ls-files
  Output:
README.md

--- End Tool ---

[Step Finish] reason=tool-calls, cost=0, tokens={"total": 13993, "input": 2243, "output": 32, "reasoning": 128, "cache": {"write": 0, "read": 11590}}

================================================================================
[2026-05-03T18:13:42.360000] Role: assistant
================================================================================

[Step Start] snapshot=ebd5e36697c4c7ccfef8bf3730f9f3dcf718fe74

[Reasoning]: **Inspecting Git History**

I've begun examining the history of `README.md` and the introduction of `requirements.txt`. The puzzle pieces are falling into place, it seems. My initial suspicion of a reset is looking less likely. Now, I'm digging into `git log` to solidify my understanding of the commit sequence and timeline.




--- Tool: bash | Shows the last commit on each local branch. ---
  Command: git branch -v
  Output:
* main 373b771 Initial commit

--- End Tool ---

[Step Finish] reason=tool-calls, cost=0, tokens={"total": 14248, "input": 2419, "output": 31, "reasoning": 224, "cache": {"write": 0, "read": 11574}}

================================================================================
[2026-05-03T18:13:46.281000] Role: assistant
================================================================================

[Step Start] snapshot=ebd5e36697c4c7ccfef8bf3730f9f3dcf718fe74

--- Tool: bash | Shows where the HEAD and all references point to. ---
  Command: git show-ref --head
  Output:
373b771e627f02acfebc19a1728846ee0d325ee2 HEAD
373b771e627f02acfebc19a1728846ee0d325ee2 refs/heads/main
373b771e627f02acfebc19a1728846ee0d325ee2 refs/remotes/origin/HEAD
373b771e627f02acfebc19a1728846ee0d325ee2 refs/remotes/origin/main
ae5f76d57d41528cafcf05a4cc2135f8cefc2592 refs/remotes/origin/tcanabrava/experiments
92e93331251ca44e0111c1226569fd154a98d9f3 refs/remotes/origin/ui

--- End Tool ---

[Step Finish] reason=tool-calls, cost=0, tokens={"total": 14433, "input": 2695, "output": 34, "reasoning": 141, "cache": {"write": 0, "read": 11563}}

================================================================================
[2026-05-03T18:13:49.386000] Role: assistant
================================================================================

[Step Start] snapshot=ebd5e36697c4c7ccfef8bf3730f9f3dcf718fe74

--- Tool: bash | Lists all files in the origin/ui branch. ---
  Command: git ls-tree -r origin/ui
  Output (3539 chars):
100644 blob c6d78ef84fca6852afb9b47e90820431b97dd080	.gitignore
100644 blob b996b54eea57ad7c2ac7592a5a4bff6e0f090cee	README.md
100644 blob 108c85f9dad8115f6702f80f1f51c42be05ed90b	backend/building_translator.py
100644 blob d2ecfeb15af7edc5d55318ed6ddf6ac0ba6fc5e1	backend/buildings.json
100644 blob 77f2ec114a3ad70ba03363bb51cdf53cafe82969	backend/d3js.py
100644 blob 6ad093a64017e0db0e5b75b1a46388670b49fa91	backend/databsae.py
100644 blob 24b43f5f53f6fe113f4931d5bd52b0f01294f74f	backend/employee_d...
--- End Tool ---

[Step Finish] reason=tool-calls, cost=0, tokens={"total": 14862, "input": 3129, "output": 37, "reasoning": 135, "cache": {"write": 0, "read": 11561}}

================================================================================
[2026-05-03T18:13:52.204000] Role: assistant
================================================================================

[Step Start] snapshot=ebd5e36697c4c7ccfef8bf3730f9f3dcf718fe74

[Reasoning]: **Assessing the Architecture**

I'm currently dissecting the `ui` branch's structure. It's clear that backend will house the Flask server with D3JS alongside database and processing logic, but a typo is bothering me. The frontend seems to be a React/Vite app. I'm visualizing the data flow now to ensure seamless integration.




--- Tool: bash | Lists all files in the experiments branch. ---
  Command: git ls-tree -r origin/tcanabrava/experiments
  Output (1836 chars):
100644 blob fde0dea320e0cb583e26b5ff0f791ba3a77d2c13	backend/Cargo.toml
100644 blob 33bbbb2604078b5d36619e9d63fc8ab048f85ff9	backend/src/bin/csv2parquet.rs
100644 blob 763ba8e8967f1207694431dc9200c222303dbb44	backend/src/main.rs
100644 blob e3e1e39cd414d684f1398685ff6ed6d616492dc3	frontend/README.md
100644 blob ea36dd3dc45ddadb9d25dd5e1c74a706dd61a6a9	frontend/eslint.config.js
100644 blob f092996619aced8252205be892aeecd243cd7e0d	frontend/index.html
100644 blob a2db09d046aa0b0a320fa7649a5e4576ba6...
--- End Tool ---

[Step Finish] reason=tool-calls, cost=0, tokens={"total": 17318, "input": 5469, "output": 40, "reasoning": 170, "cache": {"write": 0, "read": 11639}}

================================================================================
[2026-05-03T18:13:56.107000] Role: assistant
================================================================================

[Step Start] snapshot=ebd5e36697c4c7ccfef8bf3730f9f3dcf718fe74

[Reasoning]: **Evaluating Branch Structures**

I've been examining the different project branches, focusing on their technology stacks. The `experiments` branch is quite interesting, with its Rust backend. The `ui` branch still appears to be the most advanced, with its Python/Flask backend and React frontend.




--- Tool: bash | Reads the server.py file from the ui branch to understand how the backend is structured. ---
  Command: git show origin/ui:backend/server.py
  Output (2885 chars):
from flask import Flask, jsonify, request
import sqlite3

app = Flask(__name__)
DB_PATH = 'vast_challenge.db'

def get_db_connection():
    conn = sqlite3.connect(DB_PATH)
    conn.row_factory = sqlite3.Row
    return conn

@app.route('/api/data', methods=['GET'])
def get_data():
    try:
        conn = get_db_connection()
        cursor = conn.cursor()
        cursor.execute('SELECT * FROM your_table_name')
        rows = cursor.fetchall()
        conn.close()
        return jsonify([dict(row) ...
--- End Tool ---

[Step Finish] reason=tool-calls, cost=0, tokens={"total": 18829, "input": 2958, "output": 47, "reasoning": 267, "cache": {"write": 0, "read": 15557}}

================================================================================
[2026-05-03T18:14:00.285000] Role: assistant
================================================================================

[Step Start] snapshot=ebd5e36697c4c7ccfef8bf3730f9f3dcf718fe74

[Reasoning]: **Examining Project Structure**

I'm currently focused on the project's skeleton. It seems the backend relies on a SQLite database named `vast_challenge.db`. The `ui` branch appears to be the most active for the Flask/React components. I'm formulating an explanation to guide the next steps. The main branch is quite sparse, containing only the README file.




--- Tool: bash | Reads the databsae.py file from the ui branch to see how the database is initialized. ---
  Command: git show origin/ui:backend/databsae.py
  Output (1270 chars):
import os
import pandas as pd
import sqlite3
from pathlib import Path

# Configuration
CSV_DIR = "VAST-Challenge-2022"
DB_FILE = "vast_challenge.db"

def read_csv_files_to_db(csv_directory, db_file):
    """Read all CSV files from a directory and store them in a SQLite database."""
    
    # Create database connection
    conn = sqlite3.connect(db_file)
    cursor = conn.cursor()
    
    # Get all CSV files in the directory
    csv_files = Path(csv_directory).glob("**/*.csv")
    
    for csv_...
--- End Tool ---

[Step Finish] reason=tool-calls, cost=0, tokens={"total": 19953, "input": 4039, "output": 52, "reasoning": 283, "cache": {"write": 0, "read": 15579}}

================================================================================
[2026-05-03T18:14:05.005000] Role: assistant
================================================================================

[Step Start] snapshot=ebd5e36697c4c7ccfef8bf3730f9f3dcf718fe74

[Reasoning]: **Assessing Database Import**

I'm currently reviewing `backend/databsae.py`, noticing the typo in the filename. My focus is on understanding the script's function, particularly how it imports CSV data into the SQLite database. I've noted that the script anticipates a `VAST-Challenge-2022` directory structure. I have everything I need to proceed and suggest next steps.




The repository currently has three branches, each representing a different stage or approach to the project:

### 1. Branch Status
*   **`main` (Current):** This branch is almost empty, containing only a basic `README.md`. It appears to be an uninitialized or placeholder state.
*   **`ui` (Active Development):** This is the most complete branch. It contains a full-stack application:
    *   **Backend:** A Python Flask server (`backend/server.py`) with scripts to process data and interface with a SQLite database.
    *   **Frontend:** A React application (using Vite) located in the `frontend/` directory, featuring various charts and map visualizations.
*   **`tcanabrava/experiments`:** An experimental branch that explores a **Rust-based backend** instead of Python, focusing on performance for CSV to Parquet conversion.

---

### 2. What is happening right now?
The project seems to be a data visualization platform for the **VAST Challenge 2022**. The `ui` branch shows work on:
- **Data Ingestion:** A script (`backend/databsae.py`) to import challenge CSVs into a SQLite database.
- **API Development:** Flask endpoints to serve this data to the frontend.
- **Visualization:** React components for maps (`BuildingsMap`, `CityPointsMap`) and charts (`CategoryBarChart`, `SourcePieChart`).

---

### 3. Suggested Next Steps
To get started, you should move to where the actual code is:

1.  **Switch to the `ui` branch:**
    ```bash
    git checkout ui
    ```
2.  **Explore the UI project:**
    Check out `frontend/src/App.jsx` to see how the dashboard is structured.
3.  **Setup the environment:**
    *   **Backend:** Install Python dependencies: `pip install -r requirements.txt`
    *   **Frontend:** Install Node dependencies: `cd frontend && npm install`
4.  **Data Setup:**
    The backend expects a directory named `VAST-Challenge-2022` containing the challenge CSV files. If you have the data, you can run `python backend/databsae.py` to generate the required `vast_challenge.db` file.

Would you like me to help you switch branches or analyze specific parts of the `ui` implementation?

[Step Finish] reason=stop, cost=0, tokens={"total": 21228, "input": 843, "output": 520, "reasoning": 385, "cache": {"write": 0, "read": 19480}}

================================================================================
[2026-05-03T18:17:02.910000] Role: user
================================================================================

Now I am in the ui branch, craete a docker folder with dockerfile and docker compose to run everyhting

================================================================================
[2026-05-03T18:17:02.926000] Role: assistant
================================================================================

[Step Start] snapshot=73d8ba807d46761767c75b88261516cb4c88c534

[Reasoning]: **Examining Project Dockerization**

I've been mapping out the project's layout to inform the Dockerfile and Compose setup, focusing on the `ui` branch. I've re-familiarized myself with the structural elements to ensure an efficient and effective Dockerization strategy. Now, I'm ready to move toward building those artifacts.


**Defining Dockerfile Strategies**

I'm now in the `ui` branch and examining its file structure. My current aim is to create the Dockerfiles and `docker-compose.yml`. I'm ...

--- Tool: bash | Switches to the 'ui' branch. ---
  Command: git checkout ui
  Output:
Switched to a new branch 'ui'
branch 'ui' set up to track 'origin/ui'.

--- End Tool ---

[Step Finish] reason=tool-calls, cost=0, tokens={"total": 19297, "input": 10954, "output": 30, "reasoning": 537, "cache": {"write": 0, "read": 7776}}

================================================================================
[2026-05-03T18:17:08.986000] Role: assistant
================================================================================

[Step Start] snapshot=73d8ba807d46761767c75b88261516cb4c88c534

--- Tool: bash | Recursively lists files to confirm the structure of the 'ui' branch. ---
  Command: ls -R
  Output (1264 chars):
.:
backend
d3block_test_output.html
frontend
README.md
requirements.txt

./backend:
buildings.json
building_translator.py
d3js.py
database.py
employee_data_aggregator.py
quick_test_d3block_api.py
server.py

./frontend:
assets
eslint.config.js
index.html
package.json
package-lock.json
public
README.md
src
vite.config.js

./frontend/assets:
BaseMap.png

./frontend/public:
assets
data

./frontend/public/assets:
basemap.png

./frontend/public/data:
buildings.json
map_points.csv

./frontend/src:
App....
--- End Tool ---

[Step Finish] reason=tool-calls, cost=0, tokens={"total": 19376, "input": 19318, "output": 36, "reasoning": 22, "cache": {"write": 0, "read": 0}}

================================================================================
[2026-05-03T18:17:13.073000] Role: assistant
================================================================================

[Step Start] snapshot=73d8ba807d46761767c75b88261516cb4c88c534

--- Tool: read |  ---
  Output:
<path>/workspace/classes/hpda/hw/HPDA_Project/frontend/vite.config.js</path>
<type>file</type>
<content>
1: import { defineConfig } from 'vite';
2: import react from '@vitejs/plugin-react';
3: 
4: export default defineConfig({
5:   plugins: [react()],
6:   server: {
7:     port: 5173,
8:   },
9: });

(End of file - total 9 lines)
</content>
--- End Tool ---

[Step Finish] reason=tool-calls, cost=0, tokens={"total": 19848, "input": 4237, "output": 35, "reasoning": 26, "cache": {"write": 0, "read": 15550}}

================================================================================
[2026-05-03T18:17:15.701000] Role: assistant
================================================================================

[Step Start] snapshot=73d8ba807d46761767c75b88261516cb4c88c534

--- Tool: read |  ---
  Output (1085 chars):
<path>/workspace/classes/hpda/hw/HPDA_Project/frontend/package.json</path>
<type>file</type>
<content>
1: {
2:   "name": "hpda-frontend",
3:   "private": true,
4:   "version": "0.1.0",
5:   "type": "module",
6:   "description": "React frontend for HPDA analytics dashboard",
7:   "scripts": {
8:     "dev": "vite",
9:     "build": "vite build",
10:     "preview": "vite preview",
11:     "lint": "eslint ."
12:   },
13:   "dependencies": {
14:     "axios": "^1.11.0",
15:     "d3": "^7.9.0",
16:     ...
--- End Tool ---

[Step Finish] reason=tool-calls, cost=0, tokens={"total": 20109, "input": 553, "output": 33, "reasoning": 100, "cache": {"write": 0, "read": 19423}}

================================================================================
[2026-05-03T18:17:19.474000] Role: assistant
================================================================================

[Step Start] snapshot=73d8ba807d46761767c75b88261516cb4c88c534

[Reasoning]: **Constructing the Frontend**

I've got the frontend running with `npm run dev`. Next up is creating the `docker` directory and the Dockerfiles, starting with the backend Dockerfile. I'll use a `python:3.11-slim` image and then copy and install the necessary requirements. 


**Clarifying the Dockerfiles**

I'm now diving into the specifics of the Dockerfiles. The frontend needs `node:20-slim`, copies the package files, installs dependencies, copies the rest of the frontend, exposes port 5173, an...

--- Tool: bash | Creates a directory named 'docker' to store Dockerfiles. ---
  Command: mkdir docker
  Output:
(no output)
--- End Tool ---

[Step Finish] reason=tool-calls, cost=0, tokens={"total": 21311, "input": 1181, "output": 32, "reasoning": 668, "cache": {"write": 0, "read": 19430}}

================================================================================
[2026-05-03T18:17:26.113000] Role: assistant
================================================================================

[Step Start] snapshot=73d8ba807d46761767c75b88261516cb4c88c534

--- Tool: write |  ---
  Output:
Wrote file successfully.
--- End Tool ---

[Step Finish] reason=tool-calls, cost=0, tokens={"total": 21501, "input": 1875, "output": 147, "reasoning": 42, "cache": {"write": 0, "read": 19437}}

================================================================================
[2026-05-03T18:17:30.017000] Role: assistant
================================================================================

[Step Start] snapshot=81b565be83e38b876bacf31271a60365a0f168c9

--- Tool: write |  ---
  Output:
Wrote file successfully.
--- End Tool ---

[Step Finish] reason=tool-calls, cost=0, tokens={"total": 21704, "input": 2083, "output": 153, "reasoning": 48, "cache": {"write": 0, "read": 19420}}

================================================================================
[2026-05-03T18:17:34.001000] Role: assistant
================================================================================

[Step Start] snapshot=69a0c527dc85c9223908df392b1e6c3e703c7827

[Reasoning]: **Composing the Dockerfile**

I'm now starting to construct the `docker-compose.yml` file. My plan is to include two key services: `backend` and `frontend`. To begin, I'm focusing on the fundamental setup, and I'll keep the volume configuration simple initially. The `backend` service will, naturally, require access to the `vast_challenge.db`.




--- Tool: write |  ---
  Output:
Wrote file successfully.
--- End Tool ---

[Step Finish] reason=tool-calls, cost=0, tokens={"total": 22016, "input": 2302, "output": 214, "reasoning": 96, "cache": {"write": 0, "read": 19404}}

================================================================================
[2026-05-03T18:17:37.858000] Role: assistant
================================================================================

[Step Start] snapshot=99f0030d984b733aa53f7cd92ecb4b0cd03ca86b

--- Tool: read |  ---
  Output (604 chars):
<path>/workspace/classes/hpda/hw/HPDA_Project/frontend/src/services/analyticsApi.js</path>
<type>file</type>
<content>
1: import axios from 'axios';
2: import { mockAnalytics } from '../data/mockAnalytics';
3: 
4: const API_BASE_URL = import.meta.env.VITE_API_BASE_URL;
5: 
6: export async function fetchAnalytics({ period = '7d' } = {}) {
7:   if (!API_BASE_URL) {
8:     return Promise.resolve(mockAnalytics);
9:   }
10: 
11:   const { data } = await axios.get(`${API_BASE_URL}/analytics`, {
12:   ...
--- End Tool ---

[Step Finish] reason=tool-calls, cost=0, tokens={"total": 22090, "input": 2625, "output": 38, "reasoning": 34, "cache": {"write": 0, "read": 19393}}

================================================================================
[2026-05-03T18:17:44.188000] Role: assistant
================================================================================

[Step Start] snapshot=99f0030d984b733aa53f7cd92ecb4b0cd03ca86b

[Reasoning]: **Revising Configuration Settings**

I've been modifying the environment variables. I'm swapping out `VITE_API_URL` for `VITE_API_BASE_URL` in my `docker-compose.yml`. I'm also confirming that `localhost:5000` is the right address when running locally. Now I need to check the remaining files to ensure consistency.




--- Tool: edit |  ---
  Output:
Edit applied successfully.
--- End Tool ---

[Step Finish] reason=tool-calls, cost=0, tokens={"total": 22558, "input": 2932, "output": 89, "reasoning": 151, "cache": {"write": 0, "read": 19386}}

================================================================================
[2026-05-03T18:17:47.890000] Role: assistant
================================================================================

[Step Start] snapshot=c27b79c1dcb163452057837ac35e30179dad2372

--- Tool: bash | Checks if the database file exists in the current directory. ---
  Command: ls -l vast_challenge.db
  Output:
ls: cannot access 'vast_challenge.db': No such file or directory

--- End Tool ---

[Step Finish] reason=tool-calls, cost=0, tokens={"total": 22709, "input": 3186, "output": 37, "reasoning": 117, "cache": {"write": 0, "read": 19369}}

================================================================================
[2026-05-03T18:17:50.698000] Role: assistant
================================================================================

[Step Start] snapshot=c27b79c1dcb163452057837ac35e30179dad2372

--- Tool: bash | Checks if the data directory exists. ---
  Command: ls -d VAST-Challenge-2022
  Output:
ls: cannot access 'VAST-Challenge-2022': No such file or directory

--- End Tool ---

[Step Finish] reason=tool-calls, cost=0, tokens={"total": 22785, "input": 3370, "output": 37, "reasoning": 25, "cache": {"write": 0, "read": 19353}}

================================================================================
[2026-05-03T18:17:53.378000] Role: assistant
================================================================================

[Step Start] snapshot=c27b79c1dcb163452057837ac35e30179dad2372

I've created the Docker configuration for the project on the `ui` branch.

### Created Files:
1.  **`docker/backend.Dockerfile`**: Sets up the Python environment, installs dependencies from `requirements.txt`, and runs the Flask server.
2.  **`docker/frontend.Dockerfile`**: Sets up the Node environment, installs dependencies, and starts the Vite development server with `--host` to allow external connections.
3.  **`docker-compose.yml`**: Orchestrates both services, maps ports (5000 for backend, 5173 for frontend), and sets up volumes for the database and raw data.

### How to run:
1.  **Prepare the Data:**
    The backend expects a `vast_challenge.db` file or a directory named `VAST-Challenge-2022` containing the source CSVs. If you have the CSVs, place them in the root directory.
2.  **Start the containers:**
    ```bash
    docker compose up --build
    ```
3.  **Access the application:**
    *   **Frontend:** [http://localhost:5173](http://localhost:5173)
    *   **Backend API:** [http://localhost:5000](http://localhost:5000)

**Note:** Since `vast_challenge.db` and the `VAST-Challenge-2022` directory were not found in your current environment, the backend might fail to start or serve data until these are provided. You can run the database initialization script inside the container if needed:
```bash
docker compose run backend python backend/database.py
```

[Step Finish] reason=stop, cost=0, tokens={"total": 23168, "input": 3471, "output": 365, "reasoning": 0, "cache": {"write": 0, "read": 19332}}

================================================================================
[2026-05-03T18:24:09.216000] Role: user
================================================================================

What could I write next? in the codebase right now?

================================================================================
[2026-05-03T18:24:12.242000] Role: assistant
================================================================================

[Step Start] snapshot=5597659a4d6b459f9ef5b7b03db7d72af5f9dad0

[Reasoning]: **Assessing the UI Branch**

I'm now diving deeper into the `ui` branch's current state. My focus is on identifying areas for immediate improvement. This includes thoroughly reviewing `backend/server.py` to check for complete endpoint implementations and if it has CORS configured. I'm keen on finding any critical gaps.


**Pinpointing Discrepancies**

\n\n

I've hit a snag. The frontend's `/analytics` endpoint call doesn't align with the backend's `/api/data` and `/api/search` endpoints. It look...

I've analyzed the current state of the `ui` branch and found several areas where the frontend and backend are disconnected or using placeholders. Here are some suggestions for what you can work on next:

### 1. Bridge the Frontend-Backend Gap
The frontend currently looks for an `/analytics` endpoint (in `analyticsApi.js`), but the Flask server only defines `/api/data` and `/api/search`. 
*   **Task:** Update `backend/server.py` to include the endpoints the frontend expects, or refactor `analyticsApi.js` to use the `/api/search` endpoint with proper criteria.
*   **Missing CORS:** The Flask app currently doesn't have CORS enabled, which will cause browser blocks when the React app (port 5173) tries to call the API (port 5000). You'll need `flask-cors`.

### 2. Fix the Backend Placeholders
In `backend/server.py`, the routes are currently using a placeholder table name:
```python
cursor.execute('SELECT * FROM your_table_name')
```
*   **Task:** Make these routes dynamic so they can query any of the VAST challenge tables (like `participants`, `buildings`, or `financialjournal`).

### 3. Improve Data Ingestion
The `backend/database.py` script is a generic CSV-to-SQLite loader.
*   **Task:** Add specific logic to handle the VAST Challenge data types (e.g., parsing timestamps in the `participantstatuslog`, handling the social network JSON, or calculating aggregates during import to speed up the dashboard).

### 4. Implement Real Data in React
Many components (like `KpiCard` or `SourcePieChart`) likely rely on `mockAnalytics.js`.
*   **Task:** Transition these components to use live data fetched from your new API endpoints.

### 5. Add a "Health Check" or "Setup" page
Since the project relies on external data (the VAST CSVs), it's easy for a new user to have a broken experience if the data isn't there.
*   **Task:** Create a simple setup script or a backend endpoint that checks if `vast_challenge.db` exists and returns the status of the data (number of rows in key tables) to the frontend.

**Which of these sounds like the best next step for you?** I can help you implement the CORS support and dynamic routing in the backend right now if you like.

[Step Finish] reason=stop, cost=0, tokens={"total": 22409, "input": 5882, "output": 535, "reasoning": 561, "cache": {"write": 0, "read": 15431}}
